2022-04-16 19:34:45 [ScientificCalculator.java] [INFO] ScientificCalculator [LOG] - 14.0
2022-04-16 19:34:45 [ScientificCalculator.java] [INFO] ScientificCalculator [RESULT] - 1.146128035678238
2022-04-16 19:34:46 [ScientificCalculator.java] [INFO] ScientificCalculator [SQRT] - 14.0
2022-04-16 19:34:46 [ScientificCalculator.java] [INFO] ScientificCalculator [RESULT] - 3.7416573867739413
2022-04-16 19:34:47 [ScientificCalculator.java] [INFO] ScientificCalculator [FACT] - 14.0
2022-04-16 19:34:47 [ScientificCalculator.java] [INFO] ScientificCalculator [RESULT] - 8.71782912E10
2022-04-16 19:34:48 [ScientificCalculator.java] [INFO] ScientificCalculator [POWER] - 14.0^2.0
2022-04-16 19:34:48 [ScientificCalculator.java] [INFO] ScientificCalculator [RESULT] - 196.0
2022-04-16 19:34:54 [ScientificCalculator.java] [INFO] ScientificCalculator [LOG] - 115.0
2022-04-16 19:34:54 [ScientificCalculator.java] [INFO] ScientificCalculator [RESULT] - 2.060697840353612
2022-04-16 19:34:55 [ScientificCalculator.java] [INFO] ScientificCalculator [POWER] - 115.0^2.0
2022-04-16 19:34:55 [ScientificCalculator.java] [INFO] ScientificCalculator [RESULT] - 13225.0
2022-04-16 19:34:57 [ScientificCalculator.java] [INFO] ScientificCalculator [SQRT] - 115.0
2022-04-16 19:34:57 [ScientificCalculator.java] [INFO] ScientificCalculator [RESULT] - 10.723805294763608
2022-04-16 19:35:01 [ScientificCalculator.java] [INFO] ScientificCalculator [LOG] - 1.0
2022-04-16 19:35:01 [ScientificCalculator.java] [INFO] ScientificCalculator [RESULT] - 0.0
2022-04-16 19:35:02 [ScientificCalculator.java] [INFO] ScientificCalculator [SQRT] - 1.0
2022-04-16 19:35:02 [ScientificCalculator.java] [INFO] ScientificCalculator [RESULT] - 1.0
2022-04-16 19:35:04 [ScientificCalculator.java] [INFO] ScientificCalculator [POWER] - 1.0^2.0
2022-04-16 19:35:04 [ScientificCalculator.java] [INFO] ScientificCalculator [RESULT] - 1.0
2022-04-16 19:35:12 [ScientificCalculator.java] [INFO] ScientificCalculator [FACT] - 4.0
2022-04-16 19:35:12 [ScientificCalculator.java] [INFO] ScientificCalculator [RESULT] - 24.0
2022-04-16 19:35:16 [ScientificCalculator.java] [INFO] ScientificCalculator [FACT] - 13.0
2022-04-16 19:35:16 [ScientificCalculator.java] [INFO] ScientificCalculator [RESULT] - 6.2270208E9
